<?xml version="1.0" encoding="UTF-8"?>
<testsuite xmlns:xsi="http://www.w3.org/2001/XMLSchema-instance" xsi:schemaLocation="https://maven.apache.org/surefire/maven-surefire-plugin/xsd/surefire-test-report.xsd" name="TestSuite" time="81.422" tests="6" errors="0" skipped="0" failures="1">
  <properties>
    <property name="java.runtime.name" value="Java(TM) SE Runtime Environment"/>
    <property name="sun.boot.library.path" value="/opt/jdk/jdk1.8.0_241/jre/lib/amd64"/>
    <property name="java.vm.version" value="25.241-b07"/>
    <property name="java.vm.vendor" value="Oracle Corporation"/>
    <property name="maven.multiModuleProjectDirectory" value="/home/dang/Desktop/project/siddhi/siddhi-test-suite/siddhi-test-suite"/>
    <property name="java.vendor.url" value="http://java.oracle.com/"/>
    <property name="path.separator" value=":"/>
    <property name="guice.disable.misplaced.annotation.check" value="true"/>
    <property name="java.vm.name" value="Java HotSpot(TM) 64-Bit Server VM"/>
    <property name="file.encoding.pkg" value="sun.io"/>
    <property name="user.country" value="US"/>
    <property name="sun.java.launcher" value="SUN_STANDARD"/>
    <property name="sun.os.patch.level" value="unknown"/>
    <property name="java.vm.specification.name" value="Java Virtual Machine Specification"/>
    <property name="user.dir" value="/home/dang/Desktop/project/siddhi/siddhi-test-suite/siddhi-test-suite"/>
    <property name="java.runtime.version" value="1.8.0_241-b07"/>
    <property name="java.awt.graphicsenv" value="sun.awt.X11GraphicsEnvironment"/>
    <property name="java.endorsed.dirs" value="/opt/jdk/jdk1.8.0_241/jre/lib/endorsed"/>
    <property name="os.arch" value="amd64"/>
    <property name="java.io.tmpdir" value="/tmp"/>
    <property name="line.separator" value="&#10;"/>
    <property name="java.vm.specification.vendor" value="Oracle Corporation"/>
    <property name="os.name" value="Linux"/>
    <property name="classworlds.conf" value="/opt/maven/bin/m2.conf"/>
    <property name="sun.jnu.encoding" value="UTF-8"/>
    <property name="java.library.path" value="/usr/java/packages/lib/amd64:/usr/lib64:/lib64:/lib:/usr/lib"/>
    <property name="maven.conf" value="/opt/maven/conf"/>
    <property name="java.specification.name" value="Java Platform API Specification"/>
    <property name="java.class.version" value="52.0"/>
    <property name="sun.management.compiler" value="HotSpot 64-Bit Tiered Compilers"/>
    <property name="os.version" value="4.15.0-54-generic"/>
    <property name="library.jansi.path" value="/opt/maven/lib/jansi-native"/>
    <property name="user.home" value="/home/dang"/>
    <property name="user.timezone" value="Asia/Ho_Chi_Minh"/>
    <property name="java.awt.printerjob" value="sun.print.PSPrinterJob"/>
    <property name="java.specification.version" value="1.8"/>
    <property name="file.encoding" value="UTF-8"/>
    <property name="user.name" value="dang"/>
    <property name="java.class.path" value="/opt/maven/boot/plexus-classworlds-2.5.2.jar"/>
    <property name="java.vm.specification.version" value="1.8"/>
    <property name="sun.arch.data.model" value="64"/>
    <property name="java.home" value="/opt/jdk/jdk1.8.0_241/jre"/>
    <property name="sun.java.command" value="org.codehaus.plexus.classworlds.launcher.Launcher test"/>
    <property name="java.specification.vendor" value="Oracle Corporation"/>
    <property name="user.language" value="en"/>
    <property name="awt.toolkit" value="sun.awt.X11.XToolkit"/>
    <property name="java.vm.info" value="mixed mode"/>
    <property name="java.version" value="1.8.0_241"/>
    <property name="java.ext.dirs" value="/opt/jdk/jdk1.8.0_241/jre/lib/ext:/usr/java/packages/lib/ext"/>
    <property name="securerandom.source" value="file:/dev/./urandom"/>
    <property name="sun.boot.class.path" value="/opt/jdk/jdk1.8.0_241/jre/lib/resources.jar:/opt/jdk/jdk1.8.0_241/jre/lib/rt.jar:/opt/jdk/jdk1.8.0_241/jre/lib/sunrsasign.jar:/opt/jdk/jdk1.8.0_241/jre/lib/jsse.jar:/opt/jdk/jdk1.8.0_241/jre/lib/jce.jar:/opt/jdk/jdk1.8.0_241/jre/lib/charsets.jar:/opt/jdk/jdk1.8.0_241/jre/lib/jfr.jar:/opt/jdk/jdk1.8.0_241/jre/classes"/>
    <property name="java.vendor" value="Oracle Corporation"/>
    <property name="maven.home" value="/opt/maven"/>
    <property name="file.separator" value="/"/>
    <property name="java.vendor.url.bug" value="http://bugreport.sun.com/bugreport/"/>
    <property name="sun.cpu.endian" value="little"/>
    <property name="sun.io.unicode.encoding" value="UnicodeLittle"/>
    <property name="sun.desktop" value="gnome"/>
    <property name="sun.cpu.isalist" value=""/>
  </properties>
  <testcase name="testMoniteredFilter" classname="siddhi.test.suite.TemperatureAlertAppUnitTests" time="1.289">
    <failure message="expected [true] but found [false]" type="java.lang.AssertionError">java.lang.AssertionError: expected [true] but found [false]
	at siddhi.test.suite.TemperatureAlertAppUnitTests.testMoniteredFilter(TemperatureAlertAppUnitTests.java:82)
</failure>
    <system-out><![CDATA[[siddhi.test.suite.TemperatureAlertAppUnitTests] INFO : Tests Monitered Filter Query
[io.siddhi.core.query.selector.QuerySelector] TRACE : event is processed by selector MonitoredDevicesTempStreamio.siddhi.core.query.selector.QuerySelector@183e8c8a
[io.siddhi.core.util.EventPrinter] INFO : Events{ @timestamp = 1584601245785, inEvents = [Event{timestamp=1584601245785, data=[CyrusOne, 35.5, ServerRoom1], isExpired=false}], RemoveEvents = null }
]]></system-out>
    <system-err><![CDATA[SLF4J: Class path contains multiple SLF4J bindings.
SLF4J: Found binding in [jar:file:/home/dang/.m2/repository/org/ops4j/pax/logging/pax-logging-api/1.11.0/pax-logging-api-1.11.0.jar!/org/slf4j/impl/StaticLoggerBinder.class]
SLF4J: Found binding in [jar:file:/home/dang/.m2/repository/org/slf4j/slf4j-log4j12/1.7.21/slf4j-log4j12-1.7.21.jar!/org/slf4j/impl/StaticLoggerBinder.class]
SLF4J: Found binding in [jar:file:/home/dang/.m2/repository/org/slf4j/slf4j-simple/1.7.12/slf4j-simple-1.7.12.jar!/org/slf4j/impl/StaticLoggerBinder.class]
SLF4J: See http://www.slf4j.org/codes.html#multiple_bindings for an explanation.
SLF4J: Actual binding is of type [org.ops4j.pax.logging.slf4j.Slf4jLoggerFactory]
]]></system-err>
  </testcase>
  <testcase name="testSiddhiRunnerStartup" classname="siddhi.test.suite.TemperatureAlertAppUnitTests" time="15.393"/>
  <testcase name="testAppOutput" classname="siddhi.test.suite.TemperatureAlertAppIntegrationTests" time="0.307"/>
  <testcase name="testMessageConsumption" classname="siddhi.test.suite.TemperatureAlertAppIntegrationTests" time="0.007"/>
  <testcase name="testMessagePublishingWithSiddhi" classname="siddhi.test.suite.TemperatureAlertAppIntegrationTests" time="0.115"/>
  <testcase name="testDBPersistence" classname="siddhi.test.suite.TemperatureAlertAppIntegrationTests" time="0.994"/>
</testsuite>