<?xml version="1.0" encoding="UTF-8"?>
<!-- Generated by org.testng.reporters.JUnitReportReporter -->
<testsuite skipped="0" hostname="dangnn" name="siddhi.test.suite.TemperatureAlertAppIntegrationTests" tests="4" failures="0" timestamp="19 Mar 2020 07:02:05 GMT" time="1.421" errors="0">
  <testcase name="testDBPersistence" time="1.000" classname="siddhi.test.suite.TemperatureAlertAppIntegrationTests"/>
  <testcase name="testMessageConsumption" time="0.002" classname="siddhi.test.suite.TemperatureAlertAppIntegrationTests"/>
  <testcase name="testAppOutput" time="0.307" classname="siddhi.test.suite.TemperatureAlertAppIntegrationTests"/>
  <testcase name="testMessagePublishingWithSiddhi" time="0.112" classname="siddhi.test.suite.TemperatureAlertAppIntegrationTests"/>
</testsuite> <!-- siddhi.test.suite.TemperatureAlertAppIntegrationTests -->
